{"numTotalTestSuites":10,"numPassedTestSuites":8,"numFailedTestSuites":2,"numPendingTestSuites":0,"numTotalTests":17,"numPassedTests":12,"numFailedTests":5,"numPendingTests":0,"numTodoTests":0,"snapshot":{"added":0,"failure":false,"filesAdded":0,"filesRemoved":0,"filesRemovedList":[],"filesUnmatched":0,"filesUpdated":0,"matched":0,"total":0,"unchecked":0,"uncheckedKeysByFile":[],"unmatched":0,"updated":0,"didUpdate":false},"startTime":1774708983257,"success":false,"testResults":[{"assertionResults":[{"ancestorTitles":["AuthContext"],"fullName":"AuthContext initializes with no user if storage is empty","status":"passed","title":"initializes with no user if storage is empty","duration":27.751899999999978,"failureMessages":[],"meta":{},"tags":[]},{"ancestorTitles":["AuthContext"],"fullName":"AuthContext initializes with user if storage has data","status":"passed","title":"initializes with user if storage has data","duration":3.4496999999998934,"failureMessages":[],"meta":{},"tags":[]},{"ancestorTitles":["AuthContext"],"fullName":"AuthContext handles login manually","status":"passed","title":"handles login manually","duration":16.817800000000034,"failureMessages":[],"meta":{},"tags":[]},{"ancestorTitles":["AuthContext"],"fullName":"AuthContext handles logout manually","status":"passed","title":"handles logout manually","duration":4.7784999999998945,"failureMessages":[],"meta":{},"tags":[]}],"startTime":1774708985206,"endTime":1774708985258.7786,"status":"passed","message":"","name":"C:/Users/keshu/Desktop/FYP/UrbanPulse_Frontend/urbanpulse-web/src/context/AuthContext.test.jsx"},{"assertionResults":[{"ancestorTitles":["API Service","makeApiCall"],"fullName":"API Service makeApiCall makes standard fetch request","status":"passed","title":"makes standard fetch request","duration":4.577099999999973,"failureMessages":[],"meta":{},"tags":[]},{"ancestorTitles":["API Service","makeApiCall"],"fullName":"API Service makeApiCall adds authorization header if token exists","status":"passed","title":"adds authorization header if token exists","duration":0.8045999999999367,"failureMessages":[],"meta":{},"tags":[]},{"ancestorTitles":["API Service","makeApiCall"],"fullName":"API Service makeApiCall throws error on non-ok response","status":"passed","title":"throws error on non-ok response","duration":1.753400000000056,"failureMessages":[],"meta":{},"tags":[]},{"ancestorTitles":["API Service","authStorage"],"fullName":"API Service authStorage saves and retrieves token and user data","status":"passed","title":"saves and retrieves token and user data","duration":0.572800000000143,"failureMessages":[],"meta":{},"tags":[]},{"ancestorTitles":["API Service","authStorage"],"fullName":"API Service authStorage clears storage correctly","status":"passed","title":"clears storage correctly","duration":0.6327000000001135,"failureMessages":[],"meta":{},"tags":[]}],"startTime":1774708985067,"endTime":1774708985075.6328,"status":"passed","message":"","name":"C:/Users/keshu/Desktop/FYP/UrbanPulse_Frontend/urbanpulse-web/src/services/api.test.js"},{"assertionResults":[{"ancestorTitles":["Login Component"],"fullName":"Login Component renders login form correctly","status":"passed","title":"renders login form correctly","duration":47.783300000000054,"failureMessages":[],"meta":{},"tags":[]},{"ancestorTitles":["Login Component"],"fullName":"Login Component shows error if fields are empty on submit","status":"passed","title":"shows error if fields are empty on submit","duration":123.86259999999993,"failureMessages":[],"meta":{},"tags":[]},{"ancestorTitles":["Login Component"],"fullName":"Login Component calls login API and authenticates on success","status":"passed","title":"calls login API and authenticates on success","duration":575.6342000000002,"failureMessages":[],"meta":{},"tags":[]}],"startTime":1774708985294,"endTime":1774708986041.6343,"status":"passed","message":"","name":"C:/Users/keshu/Desktop/FYP/UrbanPulse_Frontend/urbanpulse-web/src/pages/auth/Login.test.jsx"},{"assertionResults":[{"ancestorTitles":["Welcome Component"],"fullName":"Welcome Component renders standard hero headings","status":"failed","title":"renders standard hero headings","duration":56.83230000000003,"failureMessages":["TypeError: Cannot use `mockReturnValue` when called with `new`. Use `mockImplementation` with a `class` keyword instead. See https://vitest.dev/api/mock#class-support for more information.\n    at throwConstructorError (file:///C:/Users/keshu/Desktop/FYP/UrbanPulse_Frontend/urbanpulse-web/node_modules/@vitest/spy/dist/index.js:480:8)\n    at new <anonymous> (file:///C:/Users/keshu/Desktop/FYP/UrbanPulse_Frontend/urbanpulse-web/node_modules/@vitest/spy/dist/index.js:85:5)\n    at new Mock (file:///C:/Users/keshu/Desktop/FYP/UrbanPulse_Frontend/urbanpulse-web/node_modules/@vitest/spy/dist/index.js:309:27)\n    at initIntersectionObserver (file:///C:/Users/keshu/Desktop/FYP/UrbanPulse_Frontend/urbanpulse-web/node_modules/framer-motion/dist/es/motion/features/viewport/observers.mjs:35:30)\n    at observeIntersection (file:///C:/Users/keshu/Desktop/FYP/UrbanPulse_Frontend/urbanpulse-web/node_modules/framer-motion/dist/es/motion/features/viewport/observers.mjs:40:39)\n    at InViewFeature.startObserver (file:///C:/Users/keshu/Desktop/FYP/UrbanPulse_Frontend/urbanpulse-web/node_modules/framer-motion/dist/es/motion/features/viewport/index.mjs:52:16)\n    at InViewFeature.mount (file:///C:/Users/keshu/Desktop/FYP/UrbanPulse_Frontend/urbanpulse-web/node_modules/framer-motion/dist/es/motion/features/viewport/index.mjs:55:14)\n    at HTMLVisualElement.updateFeatures (file:///C:/Users/keshu/Desktop/FYP/UrbanPulse_Frontend/urbanpulse-web/node_modules/framer-motion/dist/es/render/VisualElement.mjs:262:29)\n    at file:///C:/Users/keshu/Desktop/FYP/UrbanPulse_Frontend/urbanpulse-web/node_modules/framer-motion/dist/es/motion/utils/use-visual-element.mjs:70:23\n    at commitHookEffectListMount (C:\\Users\\keshu\\Desktop\\FYP\\UrbanPulse_Frontend\\urbanpulse-web\\node_modules\\react-dom\\cjs\\react-dom.development.js:23189:26)"],"meta":{},"tags":[]},{"ancestorTitles":["Welcome Component"],"fullName":"Welcome Component navigates to login when Sign In buttons are clicked","status":"failed","title":"navigates to login when Sign In buttons are clicked","duration":16.354700000000093,"failureMessages":["TypeError: Cannot use `mockReturnValue` when called with `new`. Use `mockImplementation` with a `class` keyword instead. See https://vitest.dev/api/mock#class-support for more information.\n    at throwConstructorError (file:///C:/Users/keshu/Desktop/FYP/UrbanPulse_Frontend/urbanpulse-web/node_modules/@vitest/spy/dist/index.js:480:8)\n    at new <anonymous> (file:///C:/Users/keshu/Desktop/FYP/UrbanPulse_Frontend/urbanpulse-web/node_modules/@vitest/spy/dist/index.js:85:5)\n    at new Mock (file:///C:/Users/keshu/Desktop/FYP/UrbanPulse_Frontend/urbanpulse-web/node_modules/@vitest/spy/dist/index.js:309:27)\n    at initIntersectionObserver (file:///C:/Users/keshu/Desktop/FYP/UrbanPulse_Frontend/urbanpulse-web/node_modules/framer-motion/dist/es/motion/features/viewport/observers.mjs:35:30)\n    at observeIntersection (file:///C:/Users/keshu/Desktop/FYP/UrbanPulse_Frontend/urbanpulse-web/node_modules/framer-motion/dist/es/motion/features/viewport/observers.mjs:40:39)\n    at InViewFeature.startObserver (file:///C:/Users/keshu/Desktop/FYP/UrbanPulse_Frontend/urbanpulse-web/node_modules/framer-motion/dist/es/motion/features/viewport/index.mjs:52:16)\n    at InViewFeature.mount (file:///C:/Users/keshu/Desktop/FYP/UrbanPulse_Frontend/urbanpulse-web/node_modules/framer-motion/dist/es/motion/features/viewport/index.mjs:55:14)\n    at HTMLVisualElement.updateFeatures (file:///C:/Users/keshu/Desktop/FYP/UrbanPulse_Frontend/urbanpulse-web/node_modules/framer-motion/dist/es/render/VisualElement.mjs:262:29)\n    at file:///C:/Users/keshu/Desktop/FYP/UrbanPulse_Frontend/urbanpulse-web/node_modules/framer-motion/dist/es/motion/utils/use-visual-element.mjs:70:23\n    at commitHookEffectListMount (C:\\Users\\keshu\\Desktop\\FYP\\UrbanPulse_Frontend\\urbanpulse-web\\node_modules\\react-dom\\cjs\\react-dom.development.js:23189:26)"],"meta":{},"tags":[]},{"ancestorTitles":["Welcome Component"],"fullName":"Welcome Component navigates to citizen signup when Get Started buttons are clicked","status":"failed","title":"navigates to citizen signup when Get Started buttons are clicked","duration":15.951500000000124,"failureMessages":["TypeError: Cannot use `mockReturnValue` when called with `new`. Use `mockImplementation` with a `class` keyword instead. See https://vitest.dev/api/mock#class-support for more information.\n    at throwConstructorError (file:///C:/Users/keshu/Desktop/FYP/UrbanPulse_Frontend/urbanpulse-web/node_modules/@vitest/spy/dist/index.js:480:8)\n    at new <anonymous> (file:///C:/Users/keshu/Desktop/FYP/UrbanPulse_Frontend/urbanpulse-web/node_modules/@vitest/spy/dist/index.js:85:5)\n    at new Mock (file:///C:/Users/keshu/Desktop/FYP/UrbanPulse_Frontend/urbanpulse-web/node_modules/@vitest/spy/dist/index.js:309:27)\n    at initIntersectionObserver (file:///C:/Users/keshu/Desktop/FYP/UrbanPulse_Frontend/urbanpulse-web/node_modules/framer-motion/dist/es/motion/features/viewport/observers.mjs:35:30)\n    at observeIntersection (file:///C:/Users/keshu/Desktop/FYP/UrbanPulse_Frontend/urbanpulse-web/node_modules/framer-motion/dist/es/motion/features/viewport/observers.mjs:40:39)\n    at InViewFeature.startObserver (file:///C:/Users/keshu/Desktop/FYP/UrbanPulse_Frontend/urbanpulse-web/node_modules/framer-motion/dist/es/motion/features/viewport/index.mjs:52:16)\n    at InViewFeature.mount (file:///C:/Users/keshu/Desktop/FYP/UrbanPulse_Frontend/urbanpulse-web/node_modules/framer-motion/dist/es/motion/features/viewport/index.mjs:55:14)\n    at HTMLVisualElement.updateFeatures (file:///C:/Users/keshu/Desktop/FYP/UrbanPulse_Frontend/urbanpulse-web/node_modules/framer-motion/dist/es/render/VisualElement.mjs:262:29)\n    at file:///C:/Users/keshu/Desktop/FYP/UrbanPulse_Frontend/urbanpulse-web/node_modules/framer-motion/dist/es/motion/utils/use-visual-element.mjs:70:23\n    at commitHookEffectListMount (C:\\Users\\keshu\\Desktop\\FYP\\UrbanPulse_Frontend\\urbanpulse-web\\node_modules\\react-dom\\cjs\\react-dom.development.js:23189:26)"],"meta":{},"tags":[]},{"ancestorTitles":["Welcome Component"],"fullName":"Welcome Component renders features section","status":"failed","title":"renders features section","duration":10.895399999999881,"failureMessages":["TypeError: Cannot use `mockReturnValue` when called with `new`. Use `mockImplementation` with a `class` keyword instead. See https://vitest.dev/api/mock#class-support for more information.\n    at throwConstructorError (file:///C:/Users/keshu/Desktop/FYP/UrbanPulse_Frontend/urbanpulse-web/node_modules/@vitest/spy/dist/index.js:480:8)\n    at new <anonymous> (file:///C:/Users/keshu/Desktop/FYP/UrbanPulse_Frontend/urbanpulse-web/node_modules/@vitest/spy/dist/index.js:85:5)\n    at new Mock (file:///C:/Users/keshu/Desktop/FYP/UrbanPulse_Frontend/urbanpulse-web/node_modules/@vitest/spy/dist/index.js:309:27)\n    at initIntersectionObserver (file:///C:/Users/keshu/Desktop/FYP/UrbanPulse_Frontend/urbanpulse-web/node_modules/framer-motion/dist/es/motion/features/viewport/observers.mjs:35:30)\n    at observeIntersection (file:///C:/Users/keshu/Desktop/FYP/UrbanPulse_Frontend/urbanpulse-web/node_modules/framer-motion/dist/es/motion/features/viewport/observers.mjs:40:39)\n    at InViewFeature.startObserver (file:///C:/Users/keshu/Desktop/FYP/UrbanPulse_Frontend/urbanpulse-web/node_modules/framer-motion/dist/es/motion/features/viewport/index.mjs:52:16)\n    at InViewFeature.mount (file:///C:/Users/keshu/Desktop/FYP/UrbanPulse_Frontend/urbanpulse-web/node_modules/framer-motion/dist/es/motion/features/viewport/index.mjs:55:14)\n    at HTMLVisualElement.updateFeatures (file:///C:/Users/keshu/Desktop/FYP/UrbanPulse_Frontend/urbanpulse-web/node_modules/framer-motion/dist/es/render/VisualElement.mjs:262:29)\n    at file:///C:/Users/keshu/Desktop/FYP/UrbanPulse_Frontend/urbanpulse-web/node_modules/framer-motion/dist/es/motion/utils/use-visual-element.mjs:70:23\n    at commitHookEffectListMount (C:\\Users\\keshu\\Desktop\\FYP\\UrbanPulse_Frontend\\urbanpulse-web\\node_modules\\react-dom\\cjs\\react-dom.development.js:23189:26)"],"meta":{},"tags":[]},{"ancestorTitles":["Welcome Component"],"fullName":"Welcome Component renders stats","status":"failed","title":"renders stats","duration":16.521000000000186,"failureMessages":["TypeError: Cannot use `mockReturnValue` when called with `new`. Use `mockImplementation` with a `class` keyword instead. See https://vitest.dev/api/mock#class-support for more information.\n    at throwConstructorError (file:///C:/Users/keshu/Desktop/FYP/UrbanPulse_Frontend/urbanpulse-web/node_modules/@vitest/spy/dist/index.js:480:8)\n    at new <anonymous> (file:///C:/Users/keshu/Desktop/FYP/UrbanPulse_Frontend/urbanpulse-web/node_modules/@vitest/spy/dist/index.js:85:5)\n    at new Mock (file:///C:/Users/keshu/Desktop/FYP/UrbanPulse_Frontend/urbanpulse-web/node_modules/@vitest/spy/dist/index.js:309:27)\n    at initIntersectionObserver (file:///C:/Users/keshu/Desktop/FYP/UrbanPulse_Frontend/urbanpulse-web/node_modules/framer-motion/dist/es/motion/features/viewport/observers.mjs:35:30)\n    at observeIntersection (file:///C:/Users/keshu/Desktop/FYP/UrbanPulse_Frontend/urbanpulse-web/node_modules/framer-motion/dist/es/motion/features/viewport/observers.mjs:40:39)\n    at InViewFeature.startObserver (file:///C:/Users/keshu/Desktop/FYP/UrbanPulse_Frontend/urbanpulse-web/node_modules/framer-motion/dist/es/motion/features/viewport/index.mjs:52:16)\n    at InViewFeature.mount (file:///C:/Users/keshu/Desktop/FYP/UrbanPulse_Frontend/urbanpulse-web/node_modules/framer-motion/dist/es/motion/features/viewport/index.mjs:55:14)\n    at HTMLVisualElement.updateFeatures (file:///C:/Users/keshu/Desktop/FYP/UrbanPulse_Frontend/urbanpulse-web/node_modules/framer-motion/dist/es/render/VisualElement.mjs:262:29)\n    at file:///C:/Users/keshu/Desktop/FYP/UrbanPulse_Frontend/urbanpulse-web/node_modules/framer-motion/dist/es/motion/utils/use-visual-element.mjs:70:23\n    at commitHookEffectListMount (C:\\Users\\keshu\\Desktop\\FYP\\UrbanPulse_Frontend\\urbanpulse-web\\node_modules\\react-dom\\cjs\\react-dom.development.js:23189:26)"],"meta":{},"tags":[]}],"startTime":1774708985459,"endTime":1774708985575.521,"status":"failed","message":"","name":"C:/Users/keshu/Desktop/FYP/UrbanPulse_Frontend/urbanpulse-web/src/pages/auth/Welcome.test.jsx"}]}
